{
  "uid" : "1e63fa5c033f1dce",
  "name" : "Runs Cucumber Feature",
  "fullName" : "cucumber.api.testng.AbstractTestNGCucumberTests.feature",
  "historyId" : "d8f48eee43f1acbf85b95b61de8dafba",
  "time" : {
    "start" : 1711086386931,
    "stop" : 1711086463241,
    "duration" : 76310
  },
  "status" : "broken",
  "statusMessage" : "java.lang.AssertionError: Unable to Click on Element- IT support",
  "statusTrace" : "cucumber.runtime.CucumberException: java.lang.AssertionError: Unable to Click on Element- IT support\r\n\tat cucumber.api.testng.TestNGCucumberRunner.runCucumber(TestNGCucumberRunner.java:69)\r\n\tat cucumber.api.testng.AbstractTestNGCucumberTests.feature(AbstractTestNGCucumberTests.java:21)\r\n\tat java.base/jdk.internal.reflect.NativeMethodAccessorImpl.invoke0(Native Method)\r\n\tat java.base/jdk.internal.reflect.NativeMethodAccessorImpl.invoke(NativeMethodAccessorImpl.java:62)\r\n\tat java.base/jdk.internal.reflect.DelegatingMethodAccessorImpl.invoke(DelegatingMethodAccessorImpl.java:43)\r\n\tat java.base/java.lang.reflect.Method.invoke(Method.java:566)\r\n\tat org.testng.internal.MethodInvocationHelper.invokeMethod(MethodInvocationHelper.java:124)\r\n\tat org.testng.internal.Invoker.invokeMethod(Invoker.java:583)\r\n\tat org.testng.internal.Invoker.invokeTestMethod(Invoker.java:719)\r\n\tat org.testng.internal.Invoker.invokeTestMethods(Invoker.java:989)\r\n\tat org.testng.internal.TestMethodWorker.invokeTestMethods(TestMethodWorker.java:125)\r\n\tat org.testng.internal.TestMethodWorker.run(TestMethodWorker.java:109)\r\n\tat java.base/java.util.concurrent.ThreadPoolExecutor.runWorker(ThreadPoolExecutor.java:1128)\r\n\tat java.base/java.util.concurrent.ThreadPoolExecutor$Worker.run(ThreadPoolExecutor.java:628)\r\n\tat java.base/java.lang.Thread.run(Thread.java:834)\r\nCaused by: java.lang.AssertionError: Unable to Click on Element- IT support\r\n\tat org.testng.Assert.fail(Assert.java:96)\r\n\tat appmanager.ExtentCucumberFormatter.testStepFailed(ExtentCucumberFormatter.java:260)\r\n\tat appmanager.HelperBase.clickOn(HelperBase.java:292)\r\n\tat pages.HrmPage.lambda$validatePhoneNumberInImportantContacts$0(HrmPage.java:95)\r\n\tat java.base/java.util.LinkedHashMap.forEach(LinkedHashMap.java:684)\r\n\tat pages.HrmPage.validatePhoneNumberInImportantContacts(HrmPage.java:93)\r\n\tat tests.Hrm.user_validate_phone_number_of_each_department_in_an_Important_Contacts(Hrm.java:35)\r\n\tat âœ½.Then user validate phone number of each department in an Important Contacts(features/Hrm.feature:7)\r\n",
  "flaky" : false,
  "beforeStages" : [ {
    "name" : "setUpClass",
    "time" : {
      "start" : 1711086386424,
      "stop" : 1711086386784,
      "duration" : 360
    },
    "status" : "passed",
    "steps" : [ ],
    "attachments" : [ ],
    "parameters" : [ ],
    "attachmentsCount" : 0,
    "shouldDisplayMessage" : false,
    "stepsCount" : 0,
    "hasContent" : false
  }, {
    "name" : "setUp",
    "time" : {
      "start" : 1711086386088,
      "stop" : 1711086386409,
      "duration" : 321
    },
    "status" : "passed",
    "steps" : [ ],
    "attachments" : [ ],
    "parameters" : [ ],
    "attachmentsCount" : 0,
    "shouldDisplayMessage" : false,
    "stepsCount" : 0,
    "hasContent" : false
  } ],
  "afterStages" : [ {
    "name" : "tearDownClass",
    "time" : {
      "start" : 1711086463247,
      "stop" : 1711086463268,
      "duration" : 21
    },
    "status" : "passed",
    "steps" : [ ],
    "attachments" : [ ],
    "parameters" : [ ],
    "attachmentsCount" : 0,
    "shouldDisplayMessage" : false,
    "stepsCount" : 0,
    "hasContent" : false
  }, {
    "name" : "tearDown",
    "time" : {
      "start" : 1711086463304,
      "stop" : 1711086463304,
      "duration" : 0
    },
    "status" : "passed",
    "steps" : [ ],
    "attachments" : [ ],
    "parameters" : [ ],
    "attachmentsCount" : 0,
    "shouldDisplayMessage" : false,
    "stepsCount" : 0,
    "hasContent" : false
  } ],
  "labels" : [ {
    "name" : "package",
    "value" : "tests.TestRunner"
  }, {
    "name" : "testClass",
    "value" : "tests.TestRunner"
  }, {
    "name" : "testMethod",
    "value" : "feature"
  }, {
    "name" : "parentSuite",
    "value" : "Suite1"
  }, {
    "name" : "suite",
    "value" : "Test"
  }, {
    "name" : "subSuite",
    "value" : "tests.TestRunner"
  }, {
    "name" : "host",
    "value" : "STIPL-SMBL0267"
  }, {
    "name" : "thread",
    "value" : "24932@STIPL-SMBL0267.TestNG-test=Test-1(17)"
  }, {
    "name" : "framework",
    "value" : "testng"
  }, {
    "name" : "language",
    "value" : "java"
  }, {
    "name" : "resultFormat",
    "value" : "allure2"
  } ],
  "parameters" : [ {
    "name" : "arg0",
    "value" : "FlipKart_HomePage"
  } ],
  "links" : [ ],
  "hidden" : true,
  "retry" : true,
  "extra" : {
    "categories" : [ ],
    "tags" : [ ]
  },
  "source" : "1e63fa5c033f1dce.json",
  "parameterValues" : [ "FlipKart_HomePage" ]
}