{
  "uid" : "5373e2291185409",
  "name" : "Runs Cucumber Feature",
  "fullName" : "cucumber.api.testng.AbstractTestNGCucumberTests.feature",
  "historyId" : "94384af370096273f913f310af70ee82",
  "time" : {
    "start" : 1711953655369,
    "stop" : 1711953739648,
    "duration" : 84279
  },
  "status" : "broken",
  "statusMessage" : "java.lang.AssertionError: Exception caught while entering the value in :Contact Namber field, message is->element click intercepted: Element <input _ngcontent-iie-c10=\"\" class=\"form-control ng-untouched ng-pristine ng-valid\" formcontrolname=\"contactNo\" name=\"contactNo\" placeholder=\"\" type=\"text\"> is not clickable at point (920, 16). Other element would receive the click: <nav _ngcontent-iie-c5=\"\" class=\"navbar navbar-expand-lg navbar-dark fixed-top\">...</nav>\n  (Session info: MicrosoftEdge=123.0.2420.65)\nBuild info: version: '4.0.0-alpha-2', revision: 'f148142cf8', time: '2019-07-01T20:55:26'\nSystem info: host: 'STIPL-SMBL0267', ip: '172.18.26.26', os.name: 'Windows 10', os.arch: 'amd64', os.version: '10.0', java.version: '11.0.13'\nDriver info: org.openqa.selenium.edge.EdgeDriver\nCapabilities {acceptInsecureCerts: false, browserName: MicrosoftEdge, browserVersion: 123.0.2420.65, fedcm:accounts: true, javascriptEnabled: true, ms:edgeOptions: {debuggerAddress: localhost:60222}, msedge: {msedgedriverVersion: 123.0.2420.65 (49b6a5859239..., userDataDir: C:\\Users\\PRATHI~1\\AppData\\L...}, networkConnectionEnabled: false, pageLoadStrategy: normal, platform: WINDOWS, platformName: WINDOWS, proxy: Proxy(), setWindowRect: true, strictFileInteractability: false, timeouts: {implicit: 0, pageLoad: 300000, script: 30000}, unhandledPromptBehavior: dismiss and notify, webauthn:extension:credBlob: true, webauthn:extension:largeBlob: true, webauthn:extension:minPinLength: true, webauthn:extension:prf: true, webauthn:virtualAuthenticators: true}\nSession ID: 28868ce1bdf6ae56ee7a97fa00cf4fa9",
  "statusTrace" : "cucumber.runtime.CucumberException: java.lang.AssertionError: Exception caught while entering the value in :Contact Namber field, message is->element click intercepted: Element <input _ngcontent-iie-c10=\"\" class=\"form-control ng-untouched ng-pristine ng-valid\" formcontrolname=\"contactNo\" name=\"contactNo\" placeholder=\"\" type=\"text\"> is not clickable at point (920, 16). Other element would receive the click: <nav _ngcontent-iie-c5=\"\" class=\"navbar navbar-expand-lg navbar-dark fixed-top\">...</nav>\n  (Session info: MicrosoftEdge=123.0.2420.65)\nBuild info: version: '4.0.0-alpha-2', revision: 'f148142cf8', time: '2019-07-01T20:55:26'\nSystem info: host: 'STIPL-SMBL0267', ip: '172.18.26.26', os.name: 'Windows 10', os.arch: 'amd64', os.version: '10.0', java.version: '11.0.13'\nDriver info: org.openqa.selenium.edge.EdgeDriver\nCapabilities {acceptInsecureCerts: false, browserName: MicrosoftEdge, browserVersion: 123.0.2420.65, fedcm:accounts: true, javascriptEnabled: true, ms:edgeOptions: {debuggerAddress: localhost:60222}, msedge: {msedgedriverVersion: 123.0.2420.65 (49b6a5859239..., userDataDir: C:\\Users\\PRATHI~1\\AppData\\L...}, networkConnectionEnabled: false, pageLoadStrategy: normal, platform: WINDOWS, platformName: WINDOWS, proxy: Proxy(), setWindowRect: true, strictFileInteractability: false, timeouts: {implicit: 0, pageLoad: 300000, script: 30000}, unhandledPromptBehavior: dismiss and notify, webauthn:extension:credBlob: true, webauthn:extension:largeBlob: true, webauthn:extension:minPinLength: true, webauthn:extension:prf: true, webauthn:virtualAuthenticators: true}\nSession ID: 28868ce1bdf6ae56ee7a97fa00cf4fa9\r\n\tat cucumber.api.testng.TestNGCucumberRunner.runCucumber(TestNGCucumberRunner.java:69)\r\n\tat cucumber.api.testng.AbstractTestNGCucumberTests.feature(AbstractTestNGCucumberTests.java:21)\r\n\tat java.base/jdk.internal.reflect.NativeMethodAccessorImpl.invoke0(Native Method)\r\n\tat java.base/jdk.internal.reflect.NativeMethodAccessorImpl.invoke(NativeMethodAccessorImpl.java:62)\r\n\tat java.base/jdk.internal.reflect.DelegatingMethodAccessorImpl.invoke(DelegatingMethodAccessorImpl.java:43)\r\n\tat java.base/java.lang.reflect.Method.invoke(Method.java:566)\r\n\tat org.testng.internal.MethodInvocationHelper.invokeMethod(MethodInvocationHelper.java:124)\r\n\tat org.testng.internal.Invoker.invokeMethod(Invoker.java:583)\r\n\tat org.testng.internal.Invoker.invokeTestMethod(Invoker.java:719)\r\n\tat org.testng.internal.Invoker.invokeTestMethods(Invoker.java:989)\r\n\tat org.testng.internal.TestMethodWorker.invokeTestMethods(TestMethodWorker.java:125)\r\n\tat org.testng.internal.TestMethodWorker.run(TestMethodWorker.java:109)\r\n\tat java.base/java.util.concurrent.ThreadPoolExecutor.runWorker(ThreadPoolExecutor.java:1128)\r\n\tat java.base/java.util.concurrent.ThreadPoolExecutor$Worker.run(ThreadPoolExecutor.java:628)\r\n\tat java.base/java.lang.Thread.run(Thread.java:834)\r\nCaused by: java.lang.AssertionError: Exception caught while entering the value in :Contact Namber field, message is->element click intercepted: Element <input _ngcontent-iie-c10=\"\" class=\"form-control ng-untouched ng-pristine ng-valid\" formcontrolname=\"contactNo\" name=\"contactNo\" placeholder=\"\" type=\"text\"> is not clickable at point (920, 16). Other element would receive the click: <nav _ngcontent-iie-c5=\"\" class=\"navbar navbar-expand-lg navbar-dark fixed-top\">...</nav>\n  (Session info: MicrosoftEdge=123.0.2420.65)\nBuild info: version: '4.0.0-alpha-2', revision: 'f148142cf8', time: '2019-07-01T20:55:26'\nSystem info: host: 'STIPL-SMBL0267', ip: '172.18.26.26', os.name: 'Windows 10', os.arch: 'amd64', os.version: '10.0', java.version: '11.0.13'\nDriver info: org.openqa.selenium.edge.EdgeDriver\nCapabilities {acceptInsecureCerts: false, browserName: MicrosoftEdge, browserVersion: 123.0.2420.65, fedcm:accounts: true, javascriptEnabled: true, ms:edgeOptions: {debuggerAddress: localhost:60222}, msedge: {msedgedriverVersion: 123.0.2420.65 (49b6a5859239..., userDataDir: C:\\Users\\PRATHI~1\\AppData\\L...}, networkConnectionEnabled: false, pageLoadStrategy: normal, platform: WINDOWS, platformName: WINDOWS, proxy: Proxy(), setWindowRect: true, strictFileInteractability: false, timeouts: {implicit: 0, pageLoad: 300000, script: 30000}, unhandledPromptBehavior: dismiss and notify, webauthn:extension:credBlob: true, webauthn:extension:largeBlob: true, webauthn:extension:minPinLength: true, webauthn:extension:prf: true, webauthn:virtualAuthenticators: true}\nSession ID: 28868ce1bdf6ae56ee7a97fa00cf4fa9\r\n\tat org.testng.Assert.fail(Assert.java:96)\r\n\tat appmanager.ExtentCucumberFormatter.testStepFailed(ExtentCucumberFormatter.java:260)\r\n\tat appmanager.HelperBase.enterText(HelperBase.java:2203)\r\n\tat pages.MFSPage.registerNewMerchant(MFSPage.java:95)\r\n\tat tests.MFS.user_enters_all_required_details_and_save_and_and_and_and_and_and_and_and(MFS.java:27)\r\n\tat âœ½.When User enters all required details and save: \"Merchant1\" and \"IT Solutions\" and \"Merchant1@gmail.com\" and \"9846537987\" and \"ICIC394379\" and \"Bengaluru-East\" and \"ENGLISH\" and \"VERSION 1.0\" and \"Test Bank\"(features/MFS.feature:16)\r\n",
  "flaky" : false,
  "beforeStages" : [ {
    "name" : "setUpClass",
    "time" : {
      "start" : 1711953654844,
      "stop" : 1711953655198,
      "duration" : 354
    },
    "status" : "passed",
    "steps" : [ ],
    "attachments" : [ ],
    "parameters" : [ ],
    "attachmentsCount" : 0,
    "shouldDisplayMessage" : false,
    "stepsCount" : 0,
    "hasContent" : false
  }, {
    "name" : "setUp",
    "time" : {
      "start" : 1711953654519,
      "stop" : 1711953654830,
      "duration" : 311
    },
    "status" : "passed",
    "steps" : [ ],
    "attachments" : [ ],
    "parameters" : [ ],
    "attachmentsCount" : 0,
    "shouldDisplayMessage" : false,
    "stepsCount" : 0,
    "hasContent" : false
  } ],
  "afterStages" : [ {
    "name" : "tearDownClass",
    "time" : {
      "start" : 1711953739656,
      "stop" : 1711953739701,
      "duration" : 45
    },
    "status" : "passed",
    "steps" : [ ],
    "attachments" : [ ],
    "parameters" : [ ],
    "attachmentsCount" : 0,
    "shouldDisplayMessage" : false,
    "stepsCount" : 0,
    "hasContent" : false
  }, {
    "name" : "tearDown",
    "time" : {
      "start" : 1711953739776,
      "stop" : 1711953739777,
      "duration" : 1
    },
    "status" : "passed",
    "steps" : [ ],
    "attachments" : [ ],
    "parameters" : [ ],
    "attachmentsCount" : 0,
    "shouldDisplayMessage" : false,
    "stepsCount" : 0,
    "hasContent" : false
  } ],
  "labels" : [ {
    "name" : "package",
    "value" : "tests.TestRunner"
  }, {
    "name" : "testClass",
    "value" : "tests.TestRunner"
  }, {
    "name" : "testMethod",
    "value" : "feature"
  }, {
    "name" : "parentSuite",
    "value" : "Suite1"
  }, {
    "name" : "suite",
    "value" : "Test"
  }, {
    "name" : "subSuite",
    "value" : "tests.TestRunner"
  }, {
    "name" : "host",
    "value" : "STIPL-SMBL0267"
  }, {
    "name" : "thread",
    "value" : "11588@STIPL-SMBL0267.TestNG-test=Test-1(17)"
  }, {
    "name" : "framework",
    "value" : "testng"
  }, {
    "name" : "language",
    "value" : "java"
  }, {
    "name" : "resultFormat",
    "value" : "allure2"
  } ],
  "parameters" : [ {
    "name" : "arg0",
    "value" : "Isha Traings(MFS)"
  } ],
  "links" : [ ],
  "hidden" : true,
  "retry" : true,
  "extra" : {
    "categories" : [ ],
    "tags" : [ ]
  },
  "source" : "5373e2291185409.json",
  "parameterValues" : [ "Isha Traings(MFS)" ]
}