{
  "uid" : "ef0f55236e634c7d",
  "name" : "Runs Cucumber Feature",
  "fullName" : "cucumber.api.testng.AbstractTestNGCucumberTests.feature",
  "historyId" : "bb7ae0394f9f4771e2e5b74d51c3b648",
  "time" : {
    "start" : 1711349289136,
    "stop" : 1711349289138,
    "duration" : 2
  },
  "status" : "skipped",
  "statusMessage" : "java.lang.NullPointerException",
  "statusTrace" : "java.lang.RuntimeException: java.lang.NullPointerException\r\n\tat org.testng.internal.MethodInvocationHelper.invokeMethodNoCheckedException(MethodInvocationHelper.java:49)\r\n\tat org.testng.internal.MethodInvocationHelper.invokeDataProvider(MethodInvocationHelper.java:131)\r\n\tat org.testng.internal.Parameters.handleParameters(Parameters.java:706)\r\n\tat org.testng.internal.ParameterHandler.handleParameters(ParameterHandler.java:49)\r\n\tat org.testng.internal.ParameterHandler.createParameters(ParameterHandler.java:37)\r\n\tat org.testng.internal.Invoker.invokeTestMethods(Invoker.java:924)\r\n\tat org.testng.internal.TestMethodWorker.invokeTestMethods(TestMethodWorker.java:125)\r\n\tat org.testng.internal.TestMethodWorker.run(TestMethodWorker.java:109)\r\n\tat java.base/java.util.concurrent.ThreadPoolExecutor.runWorker(ThreadPoolExecutor.java:1128)\r\n\tat java.base/java.util.concurrent.ThreadPoolExecutor$Worker.run(ThreadPoolExecutor.java:628)\r\n\tat java.base/java.lang.Thread.run(Thread.java:834)\r\nCaused by: java.lang.NullPointerException\r\n\tat cucumber.api.testng.AbstractTestNGCucumberTests.features(AbstractTestNGCucumberTests.java:29)\r\n\tat java.base/jdk.internal.reflect.NativeMethodAccessorImpl.invoke0(Native Method)\r\n\tat java.base/jdk.internal.reflect.NativeMethodAccessorImpl.invoke(NativeMethodAccessorImpl.java:62)\r\n\tat java.base/jdk.internal.reflect.DelegatingMethodAccessorImpl.invoke(DelegatingMethodAccessorImpl.java:43)\r\n\tat java.base/java.lang.reflect.Method.invoke(Method.java:566)\r\n\tat org.testng.internal.MethodInvocationHelper.invokeMethod(MethodInvocationHelper.java:124)\r\n\tat org.testng.internal.MethodInvocationHelper.invokeMethod(MethodInvocationHelper.java:74)\r\n\tat org.testng.internal.MethodInvocationHelper.invokeMethodNoCheckedException(MethodInvocationHelper.java:45)\r\n\t... 10 more\r\n",
  "flaky" : false,
  "beforeStages" : [ {
    "name" : "setUpClass",
    "time" : {
      "start" : 1711349288819,
      "stop" : 1711349289028,
      "duration" : 209
    },
    "status" : "broken",
    "statusMessage" : "cucumber.runtime.CucumberException: Glue class class tests.FlipHome and class tests.Hrm both attempt to configure the spring context. Please ensure only one glue class configures the spring context",
    "statusTrace" : "cucumber.runtime.CucumberException: cucumber.runtime.CucumberException: Glue class class tests.FlipHome and class tests.Hrm both attempt to configure the spring context. Please ensure only one glue class configures the spring context\r\n\tat cucumber.runtime.java.JavaBackend.addStepDefinition(JavaBackend.java:156)\r\n\tat cucumber.runtime.java.MethodScanner.scan(MethodScanner.java:68)\r\n\tat cucumber.runtime.java.MethodScanner.scan(MethodScanner.java:41)\r\n\tat cucumber.runtime.java.JavaBackend.loadGlue(JavaBackend.java:86)\r\n\tat cucumber.runtime.Runtime.<init>(Runtime.java:92)\r\n\tat cucumber.runtime.Runtime.<init>(Runtime.java:70)\r\n\tat cucumber.runtime.Runtime.<init>(Runtime.java:66)\r\n\tat cucumber.api.testng.TestNGCucumberRunner.<init>(TestNGCucumberRunner.java:42)\r\n\tat cucumber.api.testng.AbstractTestNGCucumberTests.setUpClass(AbstractTestNGCucumberTests.java:16)\r\n\tat java.base/jdk.internal.reflect.NativeMethodAccessorImpl.invoke0(Native Method)\r\n\tat java.base/jdk.internal.reflect.NativeMethodAccessorImpl.invoke(NativeMethodAccessorImpl.java:62)\r\n\tat java.base/jdk.internal.reflect.DelegatingMethodAccessorImpl.invoke(DelegatingMethodAccessorImpl.java:43)\r\n\tat java.base/java.lang.reflect.Method.invoke(Method.java:566)\r\n\tat org.testng.internal.MethodInvocationHelper.invokeMethod(MethodInvocationHelper.java:124)\r\n\tat org.testng.internal.MethodInvocationHelper.invokeMethodConsideringTimeout(MethodInvocationHelper.java:59)\r\n\tat org.testng.internal.Invoker.invokeConfigurationMethod(Invoker.java:458)\r\n\tat org.testng.internal.Invoker.invokeConfigurations(Invoker.java:222)\r\n\tat org.testng.internal.Invoker.invokeConfigurations(Invoker.java:142)\r\n\tat org.testng.internal.TestMethodWorker.invokeBeforeClassMethods(TestMethodWorker.java:168)\r\n\tat org.testng.internal.TestMethodWorker.run(TestMethodWorker.java:105)\r\n\tat java.base/java.util.concurrent.ThreadPoolExecutor.runWorker(ThreadPoolExecutor.java:1128)\r\n\tat java.base/java.util.concurrent.ThreadPoolExecutor$Worker.run(ThreadPoolExecutor.java:628)\r\n\tat java.base/java.lang.Thread.run(Thread.java:834)\r\nCaused by: cucumber.runtime.CucumberException: Glue class class tests.FlipHome and class tests.Hrm both attempt to configure the spring context. Please ensure only one glue class configures the spring context\r\n\tat cucumber.runtime.java.spring.SpringFactory.addClass(SpringFactory.java:79)\r\n\tat cucumber.runtime.java.JavaBackend.addStepDefinition(JavaBackend.java:150)\r\n\t... 22 more\r\n",
    "steps" : [ ],
    "attachments" : [ ],
    "parameters" : [ ],
    "attachmentsCount" : 0,
    "shouldDisplayMessage" : true,
    "stepsCount" : 0,
    "hasContent" : true
  }, {
    "name" : "setUp",
    "time" : {
      "start" : 1711349288568,
      "stop" : 1711349288807,
      "duration" : 239
    },
    "status" : "passed",
    "steps" : [ ],
    "attachments" : [ ],
    "parameters" : [ ],
    "attachmentsCount" : 0,
    "shouldDisplayMessage" : false,
    "stepsCount" : 0,
    "hasContent" : false
  } ],
  "afterStages" : [ {
    "name" : "tearDownClass",
    "time" : {
      "start" : 1711349289142,
      "stop" : 1711349289142,
      "duration" : 0
    },
    "status" : "broken",
    "statusMessage" : "java.lang.NullPointerException",
    "statusTrace" : "java.lang.NullPointerException\r\n\tat cucumber.api.testng.AbstractTestNGCucumberTests.tearDownClass(AbstractTestNGCucumberTests.java:34)\r\n\tat java.base/jdk.internal.reflect.NativeMethodAccessorImpl.invoke0(Native Method)\r\n\tat java.base/jdk.internal.reflect.NativeMethodAccessorImpl.invoke(NativeMethodAccessorImpl.java:62)\r\n\tat java.base/jdk.internal.reflect.DelegatingMethodAccessorImpl.invoke(DelegatingMethodAccessorImpl.java:43)\r\n\tat java.base/java.lang.reflect.Method.invoke(Method.java:566)\r\n\tat org.testng.internal.MethodInvocationHelper.invokeMethod(MethodInvocationHelper.java:124)\r\n\tat org.testng.internal.MethodInvocationHelper.invokeMethodConsideringTimeout(MethodInvocationHelper.java:59)\r\n\tat org.testng.internal.Invoker.invokeConfigurationMethod(Invoker.java:458)\r\n\tat org.testng.internal.Invoker.invokeConfigurations(Invoker.java:222)\r\n\tat org.testng.internal.Invoker.invokeConfigurations(Invoker.java:142)\r\n\tat org.testng.internal.TestMethodWorker.invokeAfterClassMethods(TestMethodWorker.java:214)\r\n\tat org.testng.internal.TestMethodWorker.run(TestMethodWorker.java:111)\r\n\tat java.base/java.util.concurrent.ThreadPoolExecutor.runWorker(ThreadPoolExecutor.java:1128)\r\n\tat java.base/java.util.concurrent.ThreadPoolExecutor$Worker.run(ThreadPoolExecutor.java:628)\r\n\tat java.base/java.lang.Thread.run(Thread.java:834)\r\n",
    "steps" : [ ],
    "attachments" : [ ],
    "parameters" : [ ],
    "attachmentsCount" : 0,
    "shouldDisplayMessage" : true,
    "stepsCount" : 0,
    "hasContent" : true
  }, {
    "name" : "tearDown",
    "time" : {
      "start" : 1711349289177,
      "stop" : 1711349289177,
      "duration" : 0
    },
    "status" : "passed",
    "steps" : [ ],
    "attachments" : [ ],
    "parameters" : [ ],
    "attachmentsCount" : 0,
    "shouldDisplayMessage" : false,
    "stepsCount" : 0,
    "hasContent" : false
  } ],
  "labels" : [ {
    "name" : "package",
    "value" : "tests.TestRunner"
  }, {
    "name" : "testClass",
    "value" : "tests.TestRunner"
  }, {
    "name" : "testMethod",
    "value" : "feature"
  }, {
    "name" : "parentSuite",
    "value" : "Suite1"
  }, {
    "name" : "suite",
    "value" : "Test"
  }, {
    "name" : "subSuite",
    "value" : "tests.TestRunner"
  }, {
    "name" : "host",
    "value" : "STIPL-SMBL0267"
  }, {
    "name" : "thread",
    "value" : "13176@STIPL-SMBL0267.TestNG-test=Test-1(14)"
  }, {
    "name" : "framework",
    "value" : "testng"
  }, {
    "name" : "language",
    "value" : "java"
  }, {
    "name" : "resultFormat",
    "value" : "allure2"
  } ],
  "parameters" : [ ],
  "links" : [ ],
  "hidden" : false,
  "retry" : false,
  "extra" : {
    "severity" : "normal",
    "retries" : [ {
      "uid" : "8d58899734c11bb9",
      "status" : "skipped",
      "statusDetails" : "java.lang.NullPointerException",
      "time" : {
        "start" : 1711349156231,
        "stop" : 1711349156232,
        "duration" : 1
      }
    }, {
      "uid" : "46e50d23f25834a8",
      "status" : "skipped",
      "statusDetails" : "java.lang.NullPointerException",
      "time" : {
        "start" : 1711349084094,
        "stop" : 1711349084095,
        "duration" : 1
      }
    }, {
      "uid" : "ccd99d67483cb4a9",
      "status" : "skipped",
      "statusDetails" : "java.lang.NullPointerException",
      "time" : {
        "start" : 1711349025261,
        "stop" : 1711349025264,
        "duration" : 3
      }
    }, {
      "uid" : "d989b0df3738c445",
      "status" : "skipped",
      "statusDetails" : "java.lang.NullPointerException",
      "time" : {
        "start" : 1711348982816,
        "stop" : 1711348982818,
        "duration" : 2
      }
    }, {
      "uid" : "bbd3c896022f364e",
      "status" : "skipped",
      "statusDetails" : "java.lang.NullPointerException",
      "time" : {
        "start" : 1711348776260,
        "stop" : 1711348776262,
        "duration" : 2
      }
    }, {
      "uid" : "116c3893f6ca3b46",
      "status" : "skipped",
      "statusDetails" : "java.lang.NullPointerException",
      "time" : {
        "start" : 1711348727995,
        "stop" : 1711348727996,
        "duration" : 1
      }
    }, {
      "uid" : "3c36fad90aab4514",
      "status" : "skipped",
      "statusDetails" : "java.lang.NullPointerException",
      "time" : {
        "start" : 1711348620393,
        "stop" : 1711348620395,
        "duration" : 2
      }
    } ],
    "categories" : [ ],
    "tags" : [ ]
  },
  "source" : "ef0f55236e634c7d.json",
  "parameterValues" : [ ]
}